Figwheel: focusing on build-ids (app)
[0mCompiling "resources/public/js/app.js" from ["src/cljs" "env/dev/cljs"]...
[32mSuccessfully compiled "resources/public/js/app.js" in 0.139 seconds.[0m
notifying browser that file changed:  resources/public/js/app.js
notifying browser that file changed:  resources/public/js/out/goog/deps.js
notifying browser that file changed:  /ohds/components.js
notifying browser that file changed:  /ohds/forms.js
notifying browser that file changed:  /ohds/core.js
notifying browser that file changed:  /ohds/main.js
Figwheel: focusing on build-ids (app)
[0mCompiling "resources/public/js/app.js" from ["src/cljs" "env/dev/cljs"]...
[31mCompiling "resources/public/js/app.js" failed.[0m
clojure.lang.ExceptionInfo: failed compiling file:src/cljs/ohds/components.cljs
 at clojure.core$ex_info.invoke (core.clj:4593)
    cljs.compiler$compile_file$fn__2941.invoke (compiler.clj:1130)
    cljs.compiler$compile_file.invoke (compiler.clj:1101)
    cljs.compiler$compile_root.invoke (compiler.clj:1160)
    cljs.closure$compile_dir.invoke (closure.clj:357)
    cljs.closure$eval3290$fn__3291.invoke (closure.clj:397)
    cljs.closure$eval3243$fn__3244$G__3234__3251.invoke (closure.clj:305)
    cljs.closure$eval3303$fn__3304.invoke (closure.clj:411)
    cljs.closure$eval3243$fn__3244$G__3234__3251.invoke (closure.clj:305)
    clojurescript_build.core.CompilableSourcePaths/fn (core.clj:18)
    clojure.core$map$fn__4553.invoke (core.clj:2622)
    clojure.lang.LazySeq.sval (LazySeq.java:40)
    clojure.lang.LazySeq.seq (LazySeq.java:49)
    clojure.lang.RT.seq (RT.java:507)
    clojure.core/seq (core.clj:137)
    clojure.core$apply.invoke (core.clj:630)
    clojure.core$mapcat.doInvoke (core.clj:2660)
    clojure.lang.RestFn.invoke (RestFn.java:423)
    clojurescript_build.core.CompilableSourcePaths._compile (core.clj:18)
    cljs.closure$build.invoke (closure.clj:1393)
    clojurescript_build.core$build_source_paths_STAR_.invoke (core.clj:150)
    figwheel_sidecar.auto_builder$default_build_options$fn__21428.invoke (auto_builder.clj:65)
    figwheel_sidecar.auto_builder$warning$fn__21425.invoke (auto_builder.clj:61)
    clojurescript_build.auto$time_build$fn__21238.invoke (auto.clj:55)
    clojurescript_build.auto$after$fn__21244.invoke (auto.clj:64)
    clojurescript_build.auto$after$fn__21244.invoke (auto.clj:64)
    clojurescript_build.auto$after$fn__21244.invoke (auto.clj:64)
    clojurescript_build.auto$error$fn__21247.invoke (auto.clj:71)
    clojurescript_build.auto$before$fn__21241.invoke (auto.clj:60)
    clojurescript_build.auto$make_conditional_builder$fn__21259.invoke (auto.clj:103)
[0mCompiling "resources/public/js/app.js" from ["src/cljs" "env/dev/cljs"]...
[31mCompiling "resources/public/js/app.js" failed.[0m
clojure.lang.ExceptionInfo: failed compiling file:src/cljs/ohds/components.cljs
 at clojure.core$ex_info.invoke (core.clj:4593)
    cljs.compiler$compile_file$fn__2941.invoke (compiler.clj:1130)
    cljs.compiler$compile_file.invoke (compiler.clj:1101)
    cljs.compiler$compile_root.invoke (compiler.clj:1160)
    cljs.closure$compile_dir.invoke (closure.clj:357)
    cljs.closure$eval3290$fn__3291.invoke (closure.clj:397)
    cljs.closure$eval3243$fn__3244$G__3234__3251.invoke (closure.clj:305)
    cljs.closure$eval3303$fn__3304.invoke (closure.clj:411)
    cljs.closure$eval3243$fn__3244$G__3234__3251.invoke (closure.clj:305)
    clojurescript_build.core.CompilableSourcePaths/fn (core.clj:18)
    clojure.core$map$fn__4553.invoke (core.clj:2622)
    clojure.lang.LazySeq.sval (LazySeq.java:40)
    clojure.lang.LazySeq.seq (LazySeq.java:49)
    clojure.lang.RT.seq (RT.java:507)
    clojure.core/seq (core.clj:137)
    clojure.core$apply.invoke (core.clj:630)
    clojure.core$mapcat.doInvoke (core.clj:2660)
    clojure.lang.RestFn.invoke (RestFn.java:423)
    clojurescript_build.core.CompilableSourcePaths._compile (core.clj:18)
    cljs.closure$build.invoke (closure.clj:1393)
    clojurescript_build.core$build_source_paths_STAR_.invoke (core.clj:150)
    figwheel_sidecar.auto_builder$default_build_options$fn__21428.invoke (auto_builder.clj:65)
    figwheel_sidecar.auto_builder$warning$fn__21425.invoke (auto_builder.clj:61)
    clojurescript_build.auto$time_build$fn__21238.invoke (auto.clj:55)
    clojurescript_build.auto$after$fn__21244.invoke (auto.clj:64)
    clojurescript_build.auto$after$fn__21244.invoke (auto.clj:64)
    clojurescript_build.auto$after$fn__21244.invoke (auto.clj:64)
    clojurescript_build.auto$error$fn__21247.invoke (auto.clj:71)
    clojurescript_build.auto$before$fn__21241.invoke (auto.clj:60)
    clojurescript_build.auto$make_conditional_builder$fn__21259.invoke (auto.clj:103)
[0mCompiling "resources/public/js/app.js" from ["src/cljs" "env/dev/cljs"]...
[31mCompiling "resources/public/js/app.js" failed.[0m
clojure.lang.ExceptionInfo: failed compiling file:src/cljs/ohds/components.cljs
 at clojure.core$ex_info.invoke (core.clj:4593)
    cljs.compiler$compile_file$fn__2941.invoke (compiler.clj:1130)
    cljs.compiler$compile_file.invoke (compiler.clj:1101)
    cljs.compiler$compile_root.invoke (compiler.clj:1160)
    cljs.closure$compile_dir.invoke (closure.clj:357)
    cljs.closure$eval3290$fn__3291.invoke (closure.clj:397)
    cljs.closure$eval3243$fn__3244$G__3234__3251.invoke (closure.clj:305)
    cljs.closure$eval3303$fn__3304.invoke (closure.clj:411)
    cljs.closure$eval3243$fn__3244$G__3234__3251.invoke (closure.clj:305)
    clojurescript_build.core.CompilableSourcePaths/fn (core.clj:18)
    clojure.core$map$fn__4553.invoke (core.clj:2622)
    clojure.lang.LazySeq.sval (LazySeq.java:40)
    clojure.lang.LazySeq.seq (LazySeq.java:49)
    clojure.lang.RT.seq (RT.java:507)
    clojure.core/seq (core.clj:137)
    clojure.core$apply.invoke (core.clj:630)
    clojure.core$mapcat.doInvoke (core.clj:2660)
    clojure.lang.RestFn.invoke (RestFn.java:423)
    clojurescript_build.core.CompilableSourcePaths._compile (core.clj:18)
    cljs.closure$build.invoke (closure.clj:1393)
    clojurescript_build.core$build_source_paths_STAR_.invoke (core.clj:150)
    figwheel_sidecar.auto_builder$default_build_options$fn__21428.invoke (auto_builder.clj:65)
    figwheel_sidecar.auto_builder$warning$fn__21425.invoke (auto_builder.clj:61)
    clojurescript_build.auto$time_build$fn__21238.invoke (auto.clj:55)
    clojurescript_build.auto$after$fn__21244.invoke (auto.clj:64)
    clojurescript_build.auto$after$fn__21244.invoke (auto.clj:64)
    clojurescript_build.auto$after$fn__21244.invoke (auto.clj:64)
    clojurescript_build.auto$error$fn__21247.invoke (auto.clj:71)
    clojurescript_build.auto$before$fn__21241.invoke (auto.clj:60)
    clojurescript_build.auto$make_conditional_builder$fn__21259.invoke (auto.clj:103)
[0mCompiling "resources/public/js/app.js" from ["src/cljs" "env/dev/cljs"]...
[31mCompiling "resources/public/js/app.js" failed.[0m
clojure.lang.ExceptionInfo: failed compiling file:src/cljs/ohds/components.cljs
 at clojure.core$ex_info.invoke (core.clj:4593)
    cljs.compiler$compile_file$fn__2941.invoke (compiler.clj:1130)
    cljs.compiler$compile_file.invoke (compiler.clj:1101)
    cljs.compiler$compile_root.invoke (compiler.clj:1160)
    cljs.closure$compile_dir.invoke (closure.clj:357)
    cljs.closure$eval3290$fn__3291.invoke (closure.clj:397)
    cljs.closure$eval3243$fn__3244$G__3234__3251.invoke (closure.clj:305)
    cljs.closure$eval3303$fn__3304.invoke (closure.clj:411)
    cljs.closure$eval3243$fn__3244$G__3234__3251.invoke (closure.clj:305)
    clojurescript_build.core.CompilableSourcePaths/fn (core.clj:18)
    clojure.core$map$fn__4553.invoke (core.clj:2622)
    clojure.lang.LazySeq.sval (LazySeq.java:40)
    clojure.lang.LazySeq.seq (LazySeq.java:49)
    clojure.lang.RT.seq (RT.java:507)
    clojure.core/seq (core.clj:137)
    clojure.core$apply.invoke (core.clj:630)
    clojure.core$mapcat.doInvoke (core.clj:2660)
    clojure.lang.RestFn.invoke (RestFn.java:423)
    clojurescript_build.core.CompilableSourcePaths._compile (core.clj:18)
    cljs.closure$build.invoke (closure.clj:1393)
    clojurescript_build.core$build_source_paths_STAR_.invoke (core.clj:150)
    figwheel_sidecar.auto_builder$default_build_options$fn__21428.invoke (auto_builder.clj:65)
    figwheel_sidecar.auto_builder$warning$fn__21425.invoke (auto_builder.clj:61)
    clojurescript_build.auto$time_build$fn__21238.invoke (auto.clj:55)
    clojurescript_build.auto$after$fn__21244.invoke (auto.clj:64)
    clojurescript_build.auto$after$fn__21244.invoke (auto.clj:64)
    clojurescript_build.auto$after$fn__21244.invoke (auto.clj:64)
    clojurescript_build.auto$error$fn__21247.invoke (auto.clj:71)
    clojurescript_build.auto$before$fn__21241.invoke (auto.clj:60)
    clojurescript_build.auto$make_conditional_builder$fn__21259.invoke (auto.clj:103)
[0mCompiling "resources/public/js/app.js" from ["src/cljs" "env/dev/cljs"]...
[31mCompiling "resources/public/js/app.js" failed.[0m
clojure.lang.ExceptionInfo: failed compiling file:src/cljs/ohds/core.cljs
 at clojure.core$ex_info.invoke (core.clj:4593)
    cljs.compiler$compile_file$fn__2941.invoke (compiler.clj:1130)
    cljs.compiler$compile_file.invoke (compiler.clj:1101)
    cljs.compiler$compile_root.invoke (compiler.clj:1160)
    cljs.closure$compile_dir.invoke (closure.clj:357)
    cljs.closure$eval3290$fn__3291.invoke (closure.clj:397)
    cljs.closure$eval3243$fn__3244$G__3234__3251.invoke (closure.clj:305)
    cljs.closure$eval3303$fn__3304.invoke (closure.clj:411)
    cljs.closure$eval3243$fn__3244$G__3234__3251.invoke (closure.clj:305)
    clojurescript_build.core.CompilableSourcePaths/fn (core.clj:18)
    clojure.core$map$fn__4553.invoke (core.clj:2622)
    clojure.lang.LazySeq.sval (LazySeq.java:40)
    clojure.lang.LazySeq.seq (LazySeq.java:49)
    clojure.lang.RT.seq (RT.java:507)
    clojure.core/seq (core.clj:137)
    clojure.core$apply.invoke (core.clj:630)
    clojure.core$mapcat.doInvoke (core.clj:2660)
    clojure.lang.RestFn.invoke (RestFn.java:423)
    clojurescript_build.core.CompilableSourcePaths._compile (core.clj:18)
    cljs.closure$build.invoke (closure.clj:1393)
    clojurescript_build.core$build_source_paths_STAR_.invoke (core.clj:150)
    figwheel_sidecar.auto_builder$default_build_options$fn__21428.invoke (auto_builder.clj:65)
    figwheel_sidecar.auto_builder$warning$fn__21425.invoke (auto_builder.clj:61)
    clojurescript_build.auto$time_build$fn__21238.invoke (auto.clj:55)
    clojurescript_build.auto$after$fn__21244.invoke (auto.clj:64)
    clojurescript_build.auto$after$fn__21244.invoke (auto.clj:64)
    clojurescript_build.auto$after$fn__21244.invoke (auto.clj:64)
    clojurescript_build.auto$error$fn__21247.invoke (auto.clj:71)
    clojurescript_build.auto$before$fn__21241.invoke (auto.clj:60)
    clojurescript_build.auto$make_conditional_builder$fn__21259.invoke (auto.clj:103)
[0mCompiling "resources/public/js/app.js" from ["src/cljs" "env/dev/cljs"]...
[31mCompiling "resources/public/js/app.js" failed.[0m
clojure.lang.ExceptionInfo: failed compiling file:src/cljs/ohds/core.cljs
 at clojure.core$ex_info.invoke (core.clj:4593)
    cljs.compiler$compile_file$fn__2941.invoke (compiler.clj:1130)
    cljs.compiler$compile_file.invoke (compiler.clj:1101)
    cljs.compiler$compile_root.invoke (compiler.clj:1160)
    cljs.closure$compile_dir.invoke (closure.clj:357)
    cljs.closure$eval3290$fn__3291.invoke (closure.clj:397)
    cljs.closure$eval3243$fn__3244$G__3234__3251.invoke (closure.clj:305)
    cljs.closure$eval3303$fn__3304.invoke (closure.clj:411)
    cljs.closure$eval3243$fn__3244$G__3234__3251.invoke (closure.clj:305)
    clojurescript_build.core.CompilableSourcePaths/fn (core.clj:18)
    clojure.core$map$fn__4553.invoke (core.clj:2622)
    clojure.lang.LazySeq.sval (LazySeq.java:40)
    clojure.lang.LazySeq.seq (LazySeq.java:49)
    clojure.lang.RT.seq (RT.java:507)
    clojure.core/seq (core.clj:137)
    clojure.core$apply.invoke (core.clj:630)
    clojure.core$mapcat.doInvoke (core.clj:2660)
    clojure.lang.RestFn.invoke (RestFn.java:423)
    clojurescript_build.core.CompilableSourcePaths._compile (core.clj:18)
    cljs.closure$build.invoke (closure.clj:1393)
    clojurescript_build.core$build_source_paths_STAR_.invoke (core.clj:150)
    figwheel_sidecar.auto_builder$default_build_options$fn__21428.invoke (auto_builder.clj:65)
    figwheel_sidecar.auto_builder$warning$fn__21425.invoke (auto_builder.clj:61)
    clojurescript_build.auto$time_build$fn__21238.invoke (auto.clj:55)
    clojurescript_build.auto$after$fn__21244.invoke (auto.clj:64)
    clojurescript_build.auto$after$fn__21244.invoke (auto.clj:64)
    clojurescript_build.auto$after$fn__21244.invoke (auto.clj:64)
    clojurescript_build.auto$error$fn__21247.invoke (auto.clj:71)
    clojurescript_build.auto$before$fn__21241.invoke (auto.clj:60)
    clojurescript_build.auto$make_conditional_builder$fn__21259.invoke (auto.clj:103)
[0mCompiling "resources/public/js/app.js" from ["src/cljs" "env/dev/cljs"]...
[31mCompiling "resources/public/js/app.js" failed.[0m
clojure.lang.ExceptionInfo: failed compiling file:src/cljs/ohds/core.cljs
 at clojure.core$ex_info.invoke (core.clj:4593)
    cljs.compiler$compile_file$fn__2941.invoke (compiler.clj:1130)
    cljs.compiler$compile_file.invoke (compiler.clj:1101)
    cljs.compiler$compile_root.invoke (compiler.clj:1160)
    cljs.closure$compile_dir.invoke (closure.clj:357)
    cljs.closure$eval3290$fn__3291.invoke (closure.clj:397)
    cljs.closure$eval3243$fn__3244$G__3234__3251.invoke (closure.clj:305)
    cljs.closure$eval3303$fn__3304.invoke (closure.clj:411)
    cljs.closure$eval3243$fn__3244$G__3234__3251.invoke (closure.clj:305)
    clojurescript_build.core.CompilableSourcePaths/fn (core.clj:18)
    clojure.core$map$fn__4553.invoke (core.clj:2622)
    clojure.lang.LazySeq.sval (LazySeq.java:40)
    clojure.lang.LazySeq.seq (LazySeq.java:49)
    clojure.lang.RT.seq (RT.java:507)
    clojure.core/seq (core.clj:137)
    clojure.core$apply.invoke (core.clj:630)
    clojure.core$mapcat.doInvoke (core.clj:2660)
    clojure.lang.RestFn.invoke (RestFn.java:423)
    clojurescript_build.core.CompilableSourcePaths._compile (core.clj:18)
    cljs.closure$build.invoke (closure.clj:1393)
    clojurescript_build.core$build_source_paths_STAR_.invoke (core.clj:150)
    figwheel_sidecar.auto_builder$default_build_options$fn__21428.invoke (auto_builder.clj:65)
    figwheel_sidecar.auto_builder$warning$fn__21425.invoke (auto_builder.clj:61)
    clojurescript_build.auto$time_build$fn__21238.invoke (auto.clj:55)
    clojurescript_build.auto$after$fn__21244.invoke (auto.clj:64)
    clojurescript_build.auto$after$fn__21244.invoke (auto.clj:64)
    clojurescript_build.auto$after$fn__21244.invoke (auto.clj:64)
    clojurescript_build.auto$error$fn__21247.invoke (auto.clj:71)
    clojurescript_build.auto$before$fn__21241.invoke (auto.clj:60)
    clojurescript_build.auto$make_conditional_builder$fn__21259.invoke (auto.clj:103)
[0mCompiling "resources/public/js/app.js" from ["src/cljs" "env/dev/cljs"]...
[31mCompiling "resources/public/js/app.js" failed.[0m
clojure.lang.ExceptionInfo: failed compiling file:src/cljs/ohds/core.cljs
 at clojure.core$ex_info.invoke (core.clj:4593)
    cljs.compiler$compile_file$fn__2941.invoke (compiler.clj:1130)
    cljs.compiler$compile_file.invoke (compiler.clj:1101)
    cljs.compiler$compile_root.invoke (compiler.clj:1160)
    cljs.closure$compile_dir.invoke (closure.clj:357)
    cljs.closure$eval3290$fn__3291.invoke (closure.clj:397)
    cljs.closure$eval3243$fn__3244$G__3234__3251.invoke (closure.clj:305)
    cljs.closure$eval3303$fn__3304.invoke (closure.clj:411)
    cljs.closure$eval3243$fn__3244$G__3234__3251.invoke (closure.clj:305)
    clojurescript_build.core.CompilableSourcePaths/fn (core.clj:18)
    clojure.core$map$fn__4553.invoke (core.clj:2622)
    clojure.lang.LazySeq.sval (LazySeq.java:40)
    clojure.lang.LazySeq.seq (LazySeq.java:49)
    clojure.lang.RT.seq (RT.java:507)
    clojure.core/seq (core.clj:137)
    clojure.core$apply.invoke (core.clj:630)
    clojure.core$mapcat.doInvoke (core.clj:2660)
    clojure.lang.RestFn.invoke (RestFn.java:423)
    clojurescript_build.core.CompilableSourcePaths._compile (core.clj:18)
    cljs.closure$build.invoke (closure.clj:1393)
    clojurescript_build.core$build_source_paths_STAR_.invoke (core.clj:150)
    figwheel_sidecar.auto_builder$default_build_options$fn__21428.invoke (auto_builder.clj:65)
    figwheel_sidecar.auto_builder$warning$fn__21425.invoke (auto_builder.clj:61)
    clojurescript_build.auto$time_build$fn__21238.invoke (auto.clj:55)
    clojurescript_build.auto$after$fn__21244.invoke (auto.clj:64)
    clojurescript_build.auto$after$fn__21244.invoke (auto.clj:64)
    clojurescript_build.auto$after$fn__21244.invoke (auto.clj:64)
    clojurescript_build.auto$error$fn__21247.invoke (auto.clj:71)
    clojurescript_build.auto$before$fn__21241.invoke (auto.clj:60)
    clojurescript_build.auto$make_conditional_builder$fn__21259.invoke (auto.clj:103)
[0mCompiling "resources/public/js/app.js" from ["src/cljs" "env/dev/cljs"]...
WARNING: Use of undeclared Var ohds.core/location-form at line 55 src/cljs/ohds/core.cljs
WARNING: Use of undeclared Var ohds.core/login-form at line 61 src/cljs/ohds/core.cljs
[32mSuccessfully compiled "resources/public/js/app.js" in 0.724 seconds.[0m
notifying browser that file changed:  resources/public/js/app.js
notifying browser that file changed:  resources/public/js/out/goog/deps.js
notifying browser that file changed:  /ohds/core.js
[0mCompiling "resources/public/js/app.js" from ["src/cljs" "env/dev/cljs"]...
WARNING: Use of undeclared Var ohds.core/location-form at line 54 src/cljs/ohds/core.cljs
[32mSuccessfully compiled "resources/public/js/app.js" in 0.232 seconds.[0m
notifying browser that file changed:  /ohds/core.js
[0mCompiling "resources/public/js/app.js" from ["src/cljs" "env/dev/cljs"]...
[32mSuccessfully compiled "resources/public/js/app.js" in 0.227 seconds.[0m
notifying browser that file changed:  /ohds/core.js
[0mCompiling "resources/public/js/app.js" from ["src/cljs" "env/dev/cljs"]...
[32mSuccessfully compiled "resources/public/js/app.js" in 0.2 seconds.[0m
notifying browser that file changed:  /ohds/core.js
Figwheel: focusing on build-ids (app)
[0mCompiling "resources/public/js/app.js" from ["src/cljs" "env/dev/cljs"]...
[32mSuccessfully compiled "resources/public/js/app.js" in 0.138 seconds.[0m
notifying browser that file changed:  resources/public/js/app.js
notifying browser that file changed:  resources/public/js/out/goog/deps.js
notifying browser that file changed:  /ohds/main.js
notifying browser that file changed:  /ohds/components.js
notifying browser that file changed:  /ohds/forms.js
notifying browser that file changed:  /ohds/core.js
[0mCompiling "resources/public/js/app.js" from ["src/cljs" "env/dev/cljs"]...
[32mSuccessfully compiled "resources/public/js/app.js" in 0.172 seconds.[0m
notifying browser that file changed:  /ohds/main.js
[0mCompiling "resources/public/js/app.js" from ["src/cljs" "env/dev/cljs"]...
[32mSuccessfully compiled "resources/public/js/app.js" in 0.141 seconds.[0m
notifying browser that file changed:  /ohds/main.js
[0mCompiling "resources/public/js/app.js" from ["src/cljs" "env/dev/cljs"]...
notifying browser that file changed:  resources/public/js/app.js
notifying browser that file changed:  resources/public/js/out/goog/deps.js
notifying browser that file changed:  out/ohds/individual/processing.js
[32mSuccessfully compiled "resources/public/js/app.js" in 0.261 seconds.[0m
[0mCompiling "resources/public/js/app.js" from ["src/cljs" "env/dev/cljs"]...
[31mCompiling "resources/public/js/app.js" failed.
[0mANALYSIS ERROR: let requires an even number of forms in binding vector at line 20 src/cljs/ohds/individual/processing.cljs on file src/cljs/ohds/individual/processing.cljs, line 20, column 5
[32mSuccessfully compiled "resources/public/js/app.js" in 0.135 seconds.[0m
[0mCompiling "resources/public/js/app.js" from ["src/cljs" "env/dev/cljs"]...
WARNING: No such namespace: backend, could not locate backend.cljs, backend.cljc, or Closure namespace "" at line 22 src/cljs/ohds/individual/processing.cljs
WARNING: Use of undeclared Var backend/create-individual at line 22 src/cljs/ohds/individual/processing.cljs
WARNING: Use of undeclared Var ohds.individual.processing/fieldworker-id at line 22 src/cljs/ohds/individual/processing.cljs
notifying browser that file changed:  out/ohds/individual/processing.js
[32mSuccessfully compiled "resources/public/js/app.js" in 0.215 seconds.[0m
[0mCompiling "resources/public/js/app.js" from ["src/cljs" "env/dev/cljs"]...
WARNING: Wrong number of args (0) passed to :first at line 24 src/cljs/ohds/individual/processing.cljs
WARNING: No such namespace: backend, could not locate backend.cljs, backend.cljc, or Closure namespace "" at line 25 src/cljs/ohds/individual/processing.cljs
WARNING: Use of undeclared Var backend/create-individual at line 25 src/cljs/ohds/individual/processing.cljs
WARNING: Use of undeclared Var ohds.individual.processing/fieldworker-id at line 25 src/cljs/ohds/individual/processing.cljs
WARNING: Use of undeclared Var ohds.individual.processing/location at line 25 src/cljs/ohds/individual/processing.cljs
notifying browser that file changed:  out/ohds/individual/processing.js
[32mSuccessfully compiled "resources/public/js/app.js" in 0.231 seconds.[0m
[0mCompiling "resources/public/js/app.js" from ["src/cljs" "env/dev/cljs"]...
WARNING: No such namespace: backend, could not locate backend.cljs, backend.cljc, or Closure namespace "" at line 26 src/cljs/ohds/individual/processing.cljs
WARNING: Use of undeclared Var backend/create-individual at line 26 src/cljs/ohds/individual/processing.cljs
WARNING: Use of undeclared Var ohds.individual.processing/fieldworker-id at line 26 src/cljs/ohds/individual/processing.cljs
WARNING: Use of undeclared Var ohds.individual.processing/location at line 26 src/cljs/ohds/individual/processing.cljs
notifying browser that file changed:  out/ohds/individual/processing.js
[32mSuccessfully compiled "resources/public/js/app.js" in 0.216 seconds.[0m
[0mCompiling "resources/public/js/app.js" from ["src/cljs" "env/dev/cljs"]...
WARNING: No such namespace: backend, could not locate backend.cljs, backend.cljc, or Closure namespace "" at line 26 src/cljs/ohds/individual/processing.cljs
WARNING: Use of undeclared Var backend/create-individual at line 26 src/cljs/ohds/individual/processing.cljs
WARNING: Use of undeclared Var ohds.individual.processing/fieldworker-id at line 26 src/cljs/ohds/individual/processing.cljs
WARNING: Use of undeclared Var ohds.individual.processing/loc at line 26 src/cljs/ohds/individual/processing.cljs
WARNING: Use of undeclared Var ohds.individual.processing/first-name at line 26 src/cljs/ohds/individual/processing.cljs
WARNING: Use of undeclared Var ohds.individual.processing/dob at line 26 src/cljs/ohds/individual/processing.cljs
notifying browser that file changed:  out/ohds/individual/processing.js
[32mSuccessfully compiled "resources/public/js/app.js" in 0.235 seconds.[0m
[0mCompiling "resources/public/js/app.js" from ["src/cljs" "env/dev/cljs"]...
WARNING: No such namespace: backend, could not locate backend.cljs, backend.cljc, or Closure namespace "" at line 26 src/cljs/ohds/individual/processing.cljs
WARNING: Use of undeclared Var backend/create-individual at line 26 src/cljs/ohds/individual/processing.cljs
WARNING: Use of undeclared Var ohds.individual.processing/fieldworker-id at line 26 src/cljs/ohds/individual/processing.cljs
WARNING: Use of undeclared Var ohds.individual.processing/loc at line 26 src/cljs/ohds/individual/processing.cljs
WARNING: Use of undeclared Var ohds.individual.processing/first-name at line 26 src/cljs/ohds/individual/processing.cljs
WARNING: Use of undeclared Var ohds.individual.processing/dob at line 26 src/cljs/ohds/individual/processing.cljs
notifying browser that file changed:  out/ohds/individual/processing.js
[32mSuccessfully compiled "resources/public/js/app.js" in 0.214 seconds.[0m
[0mCompiling "resources/public/js/app.js" from ["src/cljs" "env/dev/cljs"]...
[31mCompiling "resources/public/js/app.js" failed.
[0mANALYSIS ERROR: Wrong number of args (1) passed to: analyzer/eval3282/fn--3283/pfn--3284 at line 7 src/cljs/ohds/individual/backend.cljs on file src/cljs/ohds/individual/backend.cljs, line 7, column 1
[32mSuccessfully compiled "resources/public/js/app.js" in 0.142 seconds.[0m
[0mCompiling "resources/public/js/app.js" from ["src/cljs" "env/dev/cljs"]...
WARNING: No such namespace: backend, could not locate backend.cljs, backend.cljc, or Closure namespace "" at line 26 src/cljs/ohds/individual/processing.cljs
WARNING: Use of undeclared Var backend/create-individual at line 26 src/cljs/ohds/individual/processing.cljs
WARNING: Use of undeclared Var ohds.individual.processing/fieldworker-id at line 26 src/cljs/ohds/individual/processing.cljs
WARNING: Use of undeclared Var ohds.individual.processing/loc at line 26 src/cljs/ohds/individual/processing.cljs
WARNING: Use of undeclared Var ohds.individual.processing/first-name at line 26 src/cljs/ohds/individual/processing.cljs
WARNING: Use of undeclared Var ohds.individual.processing/dob at line 26 src/cljs/ohds/individual/processing.cljs
[31mCompiling "resources/public/js/app.js" failed.
[0mANALYSIS ERROR: Wrong number of args (1) passed to: analyzer/eval3282/fn--3283/pfn--3284 at line 7 src/cljs/ohds/individual/backend.cljs on file src/cljs/ohds/individual/backend.cljs, line 7, column 1
[32mSuccessfully compiled "resources/public/js/app.js" in 0.314 seconds.[0m
[0mCompiling "resources/public/js/app.js" from ["src/cljs" "env/dev/cljs"]...
WARNING: Use of undeclared Var ohds.individual.messages/map->CreateLocationResults at line 17 src/cljs/ohds/individual/backend.cljs
notifying browser that file changed:  resources/public/js/app.js
notifying browser that file changed:  out/ohds/individual/backend.js
[32mSuccessfully compiled "resources/public/js/app.js" in 0.204 seconds.[0m
[0mCompiling "resources/public/js/app.js" from ["src/cljs" "env/dev/cljs"]...
WARNING: Use of undeclared Var ohds.individual.messages/map->CreateLocationResults at line 15 src/cljs/ohds/individual/backend.cljs
notifying browser that file changed:  out/ohds/individual/backend.js
[32mSuccessfully compiled "resources/public/js/app.js" in 0.206 seconds.[0m
[0mCompiling "resources/public/js/app.js" from ["src/cljs" "env/dev/cljs"]...
WARNING: Use of undeclared Var ohds.individual.messages/map->CreateIndividualResults at line 14 src/cljs/ohds/individual/backend.cljs
notifying browser that file changed:  out/ohds/individual/backend.js
[32mSuccessfully compiled "resources/public/js/app.js" in 0.172 seconds.[0m
[0mCompiling "resources/public/js/app.js" from ["src/cljs" "env/dev/cljs"]...
WARNING: No such namespace: backend, could not locate backend.cljs, backend.cljc, or Closure namespace "" at line 26 src/cljs/ohds/individual/processing.cljs
WARNING: Use of undeclared Var backend/create-individual at line 26 src/cljs/ohds/individual/processing.cljs
WARNING: Use of undeclared Var ohds.individual.processing/fieldworker-id at line 26 src/cljs/ohds/individual/processing.cljs
WARNING: Use of undeclared Var ohds.individual.processing/loc at line 26 src/cljs/ohds/individual/processing.cljs
WARNING: Use of undeclared Var ohds.individual.processing/first-name at line 26 src/cljs/ohds/individual/processing.cljs
WARNING: Use of undeclared Var ohds.individual.processing/dob at line 26 src/cljs/ohds/individual/processing.cljs
notifying browser that file changed:  out/ohds/individual/messages.js
[32mSuccessfully compiled "resources/public/js/app.js" in 0.365 seconds.[0m
[0mCompiling "resources/public/js/app.js" from ["src/cljs" "env/dev/cljs"]...
WARNING: Use of undeclared Var ohds.individual.messages/SubmitIndividual at line 18 src/cljs/ohds/individual/processing.cljs
WARNING: Use of undeclared Var ohds.individual.messages/SubmitIndividual at line 18 src/cljs/ohds/individual/processing.cljs
WARNING: No such namespace: backend, could not locate backend.cljs, backend.cljc, or Closure namespace "" at line 26 src/cljs/ohds/individual/processing.cljs
WARNING: Use of undeclared Var backend/create-individual at line 26 src/cljs/ohds/individual/processing.cljs
WARNING: Use of undeclared Var ohds.individual.processing/fieldworker-id at line 26 src/cljs/ohds/individual/processing.cljs
WARNING: Use of undeclared Var ohds.individual.processing/loc at line 26 src/cljs/ohds/individual/processing.cljs
WARNING: Use of undeclared Var ohds.individual.processing/first-name at line 26 src/cljs/ohds/individual/processing.cljs
WARNING: Use of undeclared Var ohds.individual.processing/dob at line 26 src/cljs/ohds/individual/processing.cljs
WARNING: Use of undeclared Var ohds.individual.messages/->SubmitIndividual at line 23 src/cljs/ohds/individual/view.cljs
notifying browser that file changed:  out/ohds/individual/messages.js
[32mSuccessfully compiled "resources/public/js/app.js" in 0.399 seconds.[0m
[0mCompiling "resources/public/js/app.js" from ["src/cljs" "env/dev/cljs"]...
WARNING: No such namespace: backend, could not locate backend.cljs, backend.cljc, or Closure namespace "" at line 26 src/cljs/ohds/individual/processing.cljs
WARNING: Use of undeclared Var backend/create-individual at line 26 src/cljs/ohds/individual/processing.cljs
WARNING: Use of undeclared Var ohds.individual.processing/fieldworker-id at line 26 src/cljs/ohds/individual/processing.cljs
WARNING: Use of undeclared Var ohds.individual.processing/loc at line 26 src/cljs/ohds/individual/processing.cljs
WARNING: Use of undeclared Var ohds.individual.processing/first-name at line 26 src/cljs/ohds/individual/processing.cljs
WARNING: Use of undeclared Var ohds.individual.processing/dob at line 26 src/cljs/ohds/individual/processing.cljs
WARNING: Use of undeclared Var ohds.individual.messages/->SubmitIndividual at line 23 src/cljs/ohds/individual/view.cljs
notifying browser that file changed:  out/ohds/individual/processing.js
[32mSuccessfully compiled "resources/public/js/app.js" in 0.205 seconds.[0m
[0mCompiling "resources/public/js/app.js" from ["src/cljs" "env/dev/cljs"]...
notifying browser that file changed:  out/ohds/individual/view.js
[32mSuccessfully compiled "resources/public/js/app.js" in 0.194 seconds.[0m
[0mCompiling "resources/public/js/app.js" from ["src/cljs" "env/dev/cljs"]...
WARNING: No such namespace: backend, could not locate backend.cljs, backend.cljc, or Closure namespace "" at line 26 src/cljs/ohds/individual/processing.cljs
WARNING: Use of undeclared Var backend/create-individual at line 26 src/cljs/ohds/individual/processing.cljs
WARNING: Use of undeclared Var ohds.individual.processing/fieldworker-id at line 26 src/cljs/ohds/individual/processing.cljs
WARNING: Use of undeclared Var ohds.individual.processing/loc at line 26 src/cljs/ohds/individual/processing.cljs
WARNING: Use of undeclared Var ohds.individual.processing/first-name at line 26 src/cljs/ohds/individual/processing.cljs
WARNING: Use of undeclared Var ohds.individual.processing/dob at line 26 src/cljs/ohds/individual/processing.cljs
notifying browser that file changed:  out/ohds/individual/processing.js
[32mSuccessfully compiled "resources/public/js/app.js" in 0.222 seconds.[0m
[0mCompiling "resources/public/js/app.js" from ["src/cljs" "env/dev/cljs"]...
notifying browser that file changed:  out/ohds/individual/view.js
[32mSuccessfully compiled "resources/public/js/app.js" in 0.188 seconds.[0m
[0mCompiling "resources/public/js/app.js" from ["src/cljs" "env/dev/cljs"]...
notifying browser that file changed:  out/ohds/individual/view.js
[32mSuccessfully compiled "resources/public/js/app.js" in 0.251 seconds.[0m
[0mCompiling "resources/public/js/app.js" from ["src/cljs" "env/dev/cljs"]...
notifying browser that file changed:  out/ohds/individual/view.js
[32mSuccessfully compiled "resources/public/js/app.js" in 0.198 seconds.[0m
[0mCompiling "resources/public/js/app.js" from ["src/cljs" "env/dev/cljs"]...
WARNING: Use of undeclared Var ohds.individual.messages/->ChangeGender at line 19 src/cljs/ohds/individual/view.cljs
notifying browser that file changed:  out/ohds/individual/view.js
[32mSuccessfully compiled "resources/public/js/app.js" in 0.209 seconds.[0m
[0mCompiling "resources/public/js/app.js" from ["src/cljs" "env/dev/cljs"]...
WARNING: Use of undeclared Var ohds.individual.messages/ChangeGender at line 12 src/cljs/ohds/individual/processing.cljs
WARNING: Use of undeclared Var ohds.individual.messages/ChangeGender at line 12 src/cljs/ohds/individual/processing.cljs
WARNING: No such namespace: backend, could not locate backend.cljs, backend.cljc, or Closure namespace "" at line 26 src/cljs/ohds/individual/processing.cljs
WARNING: Use of undeclared Var backend/create-individual at line 26 src/cljs/ohds/individual/processing.cljs
WARNING: Use of undeclared Var ohds.individual.processing/fieldworker-id at line 26 src/cljs/ohds/individual/processing.cljs
WARNING: Use of undeclared Var ohds.individual.processing/loc at line 26 src/cljs/ohds/individual/processing.cljs
WARNING: Use of undeclared Var ohds.individual.processing/first-name at line 26 src/cljs/ohds/individual/processing.cljs
WARNING: Use of undeclared Var ohds.individual.processing/dob at line 26 src/cljs/ohds/individual/processing.cljs
WARNING: Use of undeclared Var ohds.individual.messages/->ChangeGender at line 19 src/cljs/ohds/individual/view.cljs
notifying browser that file changed:  out/ohds/individual/processing.js
[32mSuccessfully compiled "resources/public/js/app.js" in 0.219 seconds.[0m
[0mCompiling "resources/public/js/app.js" from ["src/cljs" "env/dev/cljs"]...
WARNING: No such namespace: backend, could not locate backend.cljs, backend.cljc, or Closure namespace "" at line 26 src/cljs/ohds/individual/processing.cljs
WARNING: Use of undeclared Var backend/create-individual at line 26 src/cljs/ohds/individual/processing.cljs
WARNING: Use of undeclared Var ohds.individual.processing/fieldworker-id at line 26 src/cljs/ohds/individual/processing.cljs
WARNING: Use of undeclared Var ohds.individual.processing/loc at line 26 src/cljs/ohds/individual/processing.cljs
WARNING: Use of undeclared Var ohds.individual.processing/first-name at line 26 src/cljs/ohds/individual/processing.cljs
WARNING: Use of undeclared Var ohds.individual.processing/dob at line 26 src/cljs/ohds/individual/processing.cljs
notifying browser that file changed:  out/ohds/individual/messages.js
[32mSuccessfully compiled "resources/public/js/app.js" in 0.425 seconds.[0m
[0mCompiling "resources/public/js/app.js" from ["src/cljs" "env/dev/cljs"]...
WARNING: No such namespace: backend, could not locate backend.cljs, backend.cljc, or Closure namespace "" at line 27 src/cljs/ohds/individual/processing.cljs
WARNING: Use of undeclared Var backend/create-individual at line 27 src/cljs/ohds/individual/processing.cljs
WARNING: Use of undeclared Var ohds.individual.processing/fieldworker-id at line 27 src/cljs/ohds/individual/processing.cljs
WARNING: Use of undeclared Var ohds.individual.processing/loc at line 27 src/cljs/ohds/individual/processing.cljs
WARNING: Use of undeclared Var ohds.individual.processing/first-name at line 27 src/cljs/ohds/individual/processing.cljs
WARNING: Use of undeclared Var ohds.individual.processing/extId at line 27 src/cljs/ohds/individual/processing.cljs
WARNING: Use of undeclared Var ohds.individual.processing/gender at line 27 src/cljs/ohds/individual/processing.cljs
notifying browser that file changed:  out/ohds/individual/processing.js
[32mSuccessfully compiled "resources/public/js/app.js" in 0.219 seconds.[0m
[0mCompiling "resources/public/js/app.js" from ["src/cljs" "env/dev/cljs"]...
notifying browser that file changed:  out/ohds/individual/view.js
[32mSuccessfully compiled "resources/public/js/app.js" in 0.208 seconds.[0m
[0mCompiling "resources/public/js/app.js" from ["src/cljs" "env/dev/cljs"]...
notifying browser that file changed:  out/ohds/individual/view.js
[32mSuccessfully compiled "resources/public/js/app.js" in 0.189 seconds.[0m
[0mCompiling "resources/public/js/app.js" from ["src/cljs" "env/dev/cljs"]...
WARNING: No such namespace: backend, could not locate backend.cljs, backend.cljc, or Closure namespace "" at line 31 src/cljs/ohds/individual/processing.cljs
WARNING: Use of undeclared Var backend/create-individual at line 31 src/cljs/ohds/individual/processing.cljs
WARNING: Use of undeclared Var ohds.individual.processing/fieldworker-id at line 31 src/cljs/ohds/individual/processing.cljs
WARNING: Use of undeclared Var ohds.individual.processing/loc at line 31 src/cljs/ohds/individual/processing.cljs
WARNING: Use of undeclared Var ohds.individual.processing/first-name at line 31 src/cljs/ohds/individual/processing.cljs
WARNING: Use of undeclared Var ohds.individual.processing/extId at line 31 src/cljs/ohds/individual/processing.cljs
WARNING: Use of undeclared Var ohds.individual.processing/gender at line 31 src/cljs/ohds/individual/processing.cljs
notifying browser that file changed:  out/ohds/individual/processing.js
[32mSuccessfully compiled "resources/public/js/app.js" in 0.238 seconds.[0m
[0mCompiling "resources/public/js/app.js" from ["src/cljs" "env/dev/cljs"]...
notifying browser that file changed:  out/ohds/core.js
[32mSuccessfully compiled "resources/public/js/app.js" in 0.21 seconds.[0m
[0mCompiling "resources/public/js/app.js" from ["src/cljs" "env/dev/cljs"]...
WARNING: No such namespace: backend, could not locate backend.cljs, backend.cljc, or Closure namespace "" at line 32 src/cljs/ohds/individual/processing.cljs
WARNING: Use of undeclared Var backend/create-individual at line 32 src/cljs/ohds/individual/processing.cljs
WARNING: Use of undeclared Var ohds.individual.processing/fieldworker-id at line 32 src/cljs/ohds/individual/processing.cljs
WARNING: Use of undeclared Var ohds.individual.processing/loc at line 32 src/cljs/ohds/individual/processing.cljs
WARNING: Use of undeclared Var ohds.individual.processing/first-name at line 32 src/cljs/ohds/individual/processing.cljs
WARNING: Use of undeclared Var ohds.individual.processing/extId at line 32 src/cljs/ohds/individual/processing.cljs
WARNING: Use of undeclared Var ohds.individual.processing/gender at line 32 src/cljs/ohds/individual/processing.cljs
notifying browser that file changed:  out/ohds/individual/processing.js
[32mSuccessfully compiled "resources/public/js/app.js" in 0.218 seconds.[0m
[0mCompiling "resources/public/js/app.js" from ["src/cljs" "env/dev/cljs"]...
notifying browser that file changed:  out/ohds/individual/view.js
[32mSuccessfully compiled "resources/public/js/app.js" in 0.198 seconds.[0m
[0mCompiling "resources/public/js/app.js" from ["src/cljs" "env/dev/cljs"]...
WARNING: No such namespace: backend, could not locate backend.cljs, backend.cljc, or Closure namespace "" at line 33 src/cljs/ohds/individual/processing.cljs
WARNING: Use of undeclared Var backend/create-individual at line 33 src/cljs/ohds/individual/processing.cljs
WARNING: Use of undeclared Var ohds.individual.processing/fieldworker-id at line 33 src/cljs/ohds/individual/processing.cljs
WARNING: Use of undeclared Var ohds.individual.processing/loc at line 33 src/cljs/ohds/individual/processing.cljs
WARNING: Use of undeclared Var ohds.individual.processing/first-name at line 33 src/cljs/ohds/individual/processing.cljs
WARNING: Use of undeclared Var ohds.individual.processing/extId at line 33 src/cljs/ohds/individual/processing.cljs
WARNING: Use of undeclared Var ohds.individual.processing/gender at line 33 src/cljs/ohds/individual/processing.cljs
notifying browser that file changed:  out/ohds/individual/processing.js
[32mSuccessfully compiled "resources/public/js/app.js" in 0.215 seconds.[0m
[0mCompiling "resources/public/js/app.js" from ["src/cljs" "env/dev/cljs"]...
notifying browser that file changed:  out/ohds/individual/view.js
[32mSuccessfully compiled "resources/public/js/app.js" in 0.208 seconds.[0m
[0mCompiling "resources/public/js/app.js" from ["src/cljs" "env/dev/cljs"]...
notifying browser that file changed:  out/ohds/individual/view.js
[32mSuccessfully compiled "resources/public/js/app.js" in 0.192 seconds.[0m
[0mCompiling "resources/public/js/app.js" from ["src/cljs" "env/dev/cljs"]...
notifying browser that file changed:  resources/public/js/app.js
notifying browser that file changed:  resources/public/js/out/goog/deps.js
notifying browser that file changed:  out/ohds/individual/view.js
[32mSuccessfully compiled "resources/public/js/app.js" in 1.425 seconds.[0m
[0mCompiling "resources/public/js/app.js" from ["src/cljs" "env/dev/cljs"]...
notifying browser that file changed:  out/ohds/individual/view.js
[32mSuccessfully compiled "resources/public/js/app.js" in 0.216 seconds.[0m
sending changed CSS file: resources/public/css/style.css
sending changed CSS file: resources/public/css/style.css
sending changed CSS file: resources/public/css/style.css
[0mCompiling "resources/public/js/app.js" from ["src/cljs" "env/dev/cljs"]...
notifying browser that file changed:  out/ohds/main.js
[32mSuccessfully compiled "resources/public/js/app.js" in 0.182 seconds.[0m
[0mCompiling "resources/public/js/app.js" from ["src/cljs" "env/dev/cljs"]...
notifying browser that file changed:  out/ohds/main.js
[32mSuccessfully compiled "resources/public/js/app.js" in 0.177 seconds.[0m
[0mCompiling "resources/public/js/app.js" from ["src/cljs" "env/dev/cljs"]...
notifying browser that file changed:  out/ohds/location/processing.js
[32mSuccessfully compiled "resources/public/js/app.js" in 0.306 seconds.[0m
[0mCompiling "resources/public/js/app.js" from ["src/cljs" "env/dev/cljs"]...
notifying browser that file changed:  out/ohds/location/processing.js
[32mSuccessfully compiled "resources/public/js/app.js" in 0.272 seconds.[0m
[0mCompiling "resources/public/js/app.js" from ["src/cljs" "env/dev/cljs"]...
notifying browser that file changed:  out/ohds/location/processing.js
[32mSuccessfully compiled "resources/public/js/app.js" in 0.271 seconds.[0m
[0mCompiling "resources/public/js/app.js" from ["src/cljs" "env/dev/cljs"]...
WARNING: Use of undeclared Var ohds.individual.processing/fieldworker-id at line 34 src/cljs/ohds/individual/processing.cljs
WARNING: Use of undeclared Var ohds.individual.processing/loc at line 34 src/cljs/ohds/individual/processing.cljs
WARNING: Use of undeclared Var ohds.individual.processing/first-name at line 34 src/cljs/ohds/individual/processing.cljs
WARNING: Use of undeclared Var ohds.individual.processing/extId at line 34 src/cljs/ohds/individual/processing.cljs
WARNING: Use of undeclared Var ohds.individual.processing/gender at line 34 src/cljs/ohds/individual/processing.cljs
notifying browser that file changed:  resources/public/js/app.js
notifying browser that file changed:  out/ohds/individual/processing.js
[32mSuccessfully compiled "resources/public/js/app.js" in 0.23 seconds.[0m
[0mCompiling "resources/public/js/app.js" from ["src/cljs" "env/dev/cljs"]...
WARNING: Use of undeclared Var ohds.individual.processing/b at line 18 src/cljs/ohds/individual/processing.cljs
WARNING: Use of undeclared Var ohds.individual.processing/fieldworker-id at line 34 src/cljs/ohds/individual/processing.cljs
WARNING: Use of undeclared Var ohds.individual.processing/loc at line 34 src/cljs/ohds/individual/processing.cljs
WARNING: Use of undeclared Var ohds.individual.processing/first-name at line 34 src/cljs/ohds/individual/processing.cljs
WARNING: Use of undeclared Var ohds.individual.processing/extId at line 34 src/cljs/ohds/individual/processing.cljs
WARNING: Use of undeclared Var ohds.individual.processing/gender at line 34 src/cljs/ohds/individual/processing.cljs
notifying browser that file changed:  out/ohds/individual/processing.js
[32mSuccessfully compiled "resources/public/js/app.js" in 0.226 seconds.[0m
[0mCompiling "resources/public/js/app.js" from ["src/cljs" "env/dev/cljs"]...
WARNING: Wrong number of args (0) passed to ohds.core/render-fn at line 10 env/dev/cljs/ohds/main.cljs
notifying browser that file changed:  resources/public/js/app.js
notifying browser that file changed:  resources/public/js/out/goog/deps.js
notifying browser that file changed:  out/ohds/main.js
[32mSuccessfully compiled "resources/public/js/app.js" in 1.483 seconds.[0m
[0mCompiling "resources/public/js/app.js" from ["src/cljs" "env/dev/cljs"]...
WARNING: Use of undeclared Var ohds.individual.processing/b at line 18 src/cljs/ohds/individual/processing.cljs
WARNING: Use of undeclared Var ohds.individual.processing/fieldworker-id at line 34 src/cljs/ohds/individual/processing.cljs
WARNING: Use of undeclared Var ohds.individual.processing/loc at line 34 src/cljs/ohds/individual/processing.cljs
WARNING: Use of undeclared Var ohds.individual.processing/first-name at line 34 src/cljs/ohds/individual/processing.cljs
WARNING: Use of undeclared Var ohds.individual.processing/extId at line 34 src/cljs/ohds/individual/processing.cljs
WARNING: Use of undeclared Var ohds.individual.processing/gender at line 34 src/cljs/ohds/individual/processing.cljs
WARNING: Wrong number of args (0) passed to ohds.core/render-fn at line 10 env/dev/cljs/ohds/main.cljs
notifying browser that file changed:  out/ohds/individual/backend.js
[32mSuccessfully compiled "resources/public/js/app.js" in 0.334 seconds.[0m
[0mCompiling "resources/public/js/app.js" from ["src/cljs" "env/dev/cljs"]...
WARNING: Use of undeclared Var ohds.individual.processing/b at line 18 src/cljs/ohds/individual/processing.cljs
WARNING: Use of undeclared Var ohds.individual.processing/fieldworker-id at line 34 src/cljs/ohds/individual/processing.cljs
WARNING: Use of undeclared Var ohds.individual.processing/loc at line 34 src/cljs/ohds/individual/processing.cljs
WARNING: Use of undeclared Var ohds.individual.processing/first-name at line 34 src/cljs/ohds/individual/processing.cljs
WARNING: Use of undeclared Var ohds.individual.processing/extId at line 34 src/cljs/ohds/individual/processing.cljs
WARNING: Use of undeclared Var ohds.individual.processing/gender at line 34 src/cljs/ohds/individual/processing.cljs
WARNING: Wrong number of args (0) passed to ohds.core/render-fn at line 10 env/dev/cljs/ohds/main.cljs
notifying browser that file changed:  out/ohds/individual/backend.js
[32mSuccessfully compiled "resources/public/js/app.js" in 0.258 seconds.[0m
[0mCompiling "resources/public/js/app.js" from ["src/cljs" "env/dev/cljs"]...
WARNING: Wrong number of args (0) passed to ohds.core/render-fn at line 11 env/dev/cljs/ohds/main.cljs
notifying browser that file changed:  out/ohds/main.js
[32mSuccessfully compiled "resources/public/js/app.js" in 0.221 seconds.[0m
[0mCompiling "resources/public/js/app.js" from ["src/cljs" "env/dev/cljs"]...
WARNING: Use of undeclared Var ohds.individual.processing/b at line 18 src/cljs/ohds/individual/processing.cljs
WARNING: Use of undeclared Var ohds.individual.processing/fieldworker-id at line 34 src/cljs/ohds/individual/processing.cljs
WARNING: Use of undeclared Var ohds.individual.processing/loc at line 34 src/cljs/ohds/individual/processing.cljs
WARNING: Use of undeclared Var ohds.individual.processing/first-name at line 34 src/cljs/ohds/individual/processing.cljs
WARNING: Use of undeclared Var ohds.individual.processing/extId at line 34 src/cljs/ohds/individual/processing.cljs
WARNING: Use of undeclared Var ohds.individual.processing/gender at line 34 src/cljs/ohds/individual/processing.cljs
WARNING: Wrong number of args (0) passed to ohds.core/render-fn at line 11 env/dev/cljs/ohds/main.cljs
notifying browser that file changed:  resources/public/js/app.js
notifying browser that file changed:  resources/public/js/out/goog/deps.js
notifying browser that file changed:  out/ohds/individual/backend.js
[32mSuccessfully compiled "resources/public/js/app.js" in 1.426 seconds.[0m
[0mCompiling "resources/public/js/app.js" from ["src/cljs" "env/dev/cljs"]...
WARNING: Use of undeclared Var ohds.individual.processing/b at line 18 src/cljs/ohds/individual/processing.cljs
WARNING: Use of undeclared Var ohds.individual.processing/fieldworker-id at line 34 src/cljs/ohds/individual/processing.cljs
WARNING: Use of undeclared Var ohds.individual.processing/loc at line 34 src/cljs/ohds/individual/processing.cljs
WARNING: Use of undeclared Var ohds.individual.processing/first-name at line 34 src/cljs/ohds/individual/processing.cljs
WARNING: Use of undeclared Var ohds.individual.processing/extId at line 34 src/cljs/ohds/individual/processing.cljs
WARNING: Use of undeclared Var ohds.individual.processing/gender at line 34 src/cljs/ohds/individual/processing.cljs
WARNING: Wrong number of args (0) passed to ohds.core/render-fn at line 11 env/dev/cljs/ohds/main.cljs
notifying browser that file changed:  out/ohds/individual/backend.js
[32mSuccessfully compiled "resources/public/js/app.js" in 0.261 seconds.[0m
[0mCompiling "resources/public/js/app.js" from ["src/cljs" "env/dev/cljs"]...
WARNING: Use of undeclared Var ohds.individual.processing/b at line 18 /Users/jdowns/ohds/src/cljs/ohds/individual/processing.cljs
WARNING: Use of undeclared Var ohds.individual.processing/fieldworker-id at line 34 /Users/jdowns/ohds/src/cljs/ohds/individual/processing.cljs
WARNING: Use of undeclared Var ohds.individual.processing/loc at line 34 /Users/jdowns/ohds/src/cljs/ohds/individual/processing.cljs
WARNING: Use of undeclared Var ohds.individual.processing/first-name at line 34 /Users/jdowns/ohds/src/cljs/ohds/individual/processing.cljs
WARNING: Use of undeclared Var ohds.individual.processing/extId at line 34 /Users/jdowns/ohds/src/cljs/ohds/individual/processing.cljs
WARNING: Use of undeclared Var ohds.individual.processing/gender at line 34 /Users/jdowns/ohds/src/cljs/ohds/individual/processing.cljs
WARNING: Wrong number of args (0) passed to ohds.core/render-fn at line 11 env/dev/cljs/ohds/main.cljs
notifying browser that file changed:  resources/public/js/app.js
notifying browser that file changed:  resources/public/js/out/goog/deps.js
notifying browser that file changed:  out/ohds/individual/backend.js
[32mSuccessfully compiled "resources/public/js/app.js" in 1.479 seconds.[0m
[0mCompiling "resources/public/js/app.js" from ["src/cljs" "env/dev/cljs"]...
WARNING: Wrong number of args (0) passed to ohds.core/render-fn at line 11 env/dev/cljs/ohds/main.cljs
notifying browser that file changed:  out/ohds/core.js
[32mSuccessfully compiled "resources/public/js/app.js" in 0.209 seconds.[0m
[0mCompiling "resources/public/js/app.js" from ["src/cljs" "env/dev/cljs"]...
[31mCompiling "resources/public/js/app.js" failed.
[0mERROR: Map literal must contain an even number of forms on file /Users/jdowns/ohds/src/cljs/ohds/core.cljs, line 14, column 95
[32mSuccessfully compiled "resources/public/js/app.js" in 0.151 seconds.[0m
[0mCompiling "resources/public/js/app.js" from ["src/cljs" "env/dev/cljs"]...
[31mCompiling "resources/public/js/app.js" failed.
[0mERROR: Map literal must contain an even number of forms on file /Users/jdowns/ohds/src/cljs/ohds/core.cljs, line 14, column 95
[32mSuccessfully compiled "resources/public/js/app.js" in 0.155 seconds.[0m
[0mCompiling "resources/public/js/app.js" from ["src/cljs" "env/dev/cljs"]...
[31mCompiling "resources/public/js/app.js" failed.
[0mERROR: Map literal must contain an even number of forms on file /Users/jdowns/ohds/src/cljs/ohds/core.cljs, line 14, column 95
[32mSuccessfully compiled "resources/public/js/app.js" in 0.184 seconds.[0m
[0mCompiling "resources/public/js/app.js" from ["src/cljs" "env/dev/cljs"]...
WARNING: Wrong number of args (0) passed to ohds.core/render-fn at line 11 env/dev/cljs/ohds/main.cljs
notifying browser that file changed:  out/ohds/core.js
[32mSuccessfully compiled "resources/public/js/app.js" in 0.222 seconds.[0m
[0mCompiling "resources/public/js/app.js" from ["src/cljs" "env/dev/cljs"]...
WARNING: Wrong number of args (0) passed to ohds.core/render-fn at line 11 env/dev/cljs/ohds/main.cljs
notifying browser that file changed:  out/ohds/core.js
[32mSuccessfully compiled "resources/public/js/app.js" in 0.207 seconds.[0m
[0mCompiling "resources/public/js/app.js" from ["src/cljs" "env/dev/cljs"]...
WARNING: Use of undeclared Var ohds.individual.processing/b at line 18 /Users/jdowns/ohds/src/cljs/ohds/individual/processing.cljs
WARNING: Use of undeclared Var ohds.individual.processing/fieldworker-id at line 35 /Users/jdowns/ohds/src/cljs/ohds/individual/processing.cljs
WARNING: Use of undeclared Var ohds.individual.processing/loc at line 35 /Users/jdowns/ohds/src/cljs/ohds/individual/processing.cljs
WARNING: Use of undeclared Var ohds.individual.processing/first-name at line 35 /Users/jdowns/ohds/src/cljs/ohds/individual/processing.cljs
WARNING: Use of undeclared Var ohds.individual.processing/extId at line 35 /Users/jdowns/ohds/src/cljs/ohds/individual/processing.cljs
WARNING: Use of undeclared Var ohds.individual.processing/gender at line 35 /Users/jdowns/ohds/src/cljs/ohds/individual/processing.cljs
WARNING: Wrong number of args (0) passed to ohds.core/render-fn at line 11 env/dev/cljs/ohds/main.cljs
notifying browser that file changed:  resources/public/js/app.js
notifying browser that file changed:  resources/public/js/out/goog/deps.js
notifying browser that file changed:  out/ohds/individual/processing.js
[32mSuccessfully compiled "resources/public/js/app.js" in 1.522 seconds.[0m
[0mCompiling "resources/public/js/app.js" from ["src/cljs" "env/dev/cljs"]...
WARNING: Use of undeclared Var ohds.individual.processing/b at line 18 /Users/jdowns/ohds/src/cljs/ohds/individual/processing.cljs
WARNING: Use of undeclared Var ohds.individual.processing/fieldworker-id at line 34 /Users/jdowns/ohds/src/cljs/ohds/individual/processing.cljs
WARNING: Use of undeclared Var ohds.individual.processing/fieldworker-id at line 35 /Users/jdowns/ohds/src/cljs/ohds/individual/processing.cljs
WARNING: Use of undeclared Var ohds.individual.processing/loc at line 35 /Users/jdowns/ohds/src/cljs/ohds/individual/processing.cljs
WARNING: Use of undeclared Var ohds.individual.processing/first-name at line 35 /Users/jdowns/ohds/src/cljs/ohds/individual/processing.cljs
WARNING: Use of undeclared Var ohds.individual.processing/extId at line 35 /Users/jdowns/ohds/src/cljs/ohds/individual/processing.cljs
WARNING: Use of undeclared Var ohds.individual.processing/gender at line 35 /Users/jdowns/ohds/src/cljs/ohds/individual/processing.cljs
WARNING: Wrong number of args (0) passed to ohds.core/render-fn at line 11 env/dev/cljs/ohds/main.cljs
notifying browser that file changed:  out/ohds/individual/processing.js
[32mSuccessfully compiled "resources/public/js/app.js" in 0.248 seconds.[0m
[0mCompiling "resources/public/js/app.js" from ["src/cljs" "env/dev/cljs"]...
WARNING: Use of undeclared Var ohds.individual.processing/b at line 18 /Users/jdowns/ohds/src/cljs/ohds/individual/processing.cljs
WARNING: Use of undeclared Var ohds.individual.processing/fieldworker-id at line 34 /Users/jdowns/ohds/src/cljs/ohds/individual/processing.cljs
WARNING: Use of undeclared Var ohds.individual.processing/fieldworker-id at line 35 /Users/jdowns/ohds/src/cljs/ohds/individual/processing.cljs
WARNING: Use of undeclared Var ohds.individual.processing/loc at line 35 /Users/jdowns/ohds/src/cljs/ohds/individual/processing.cljs
WARNING: Use of undeclared Var ohds.individual.processing/first-name at line 35 /Users/jdowns/ohds/src/cljs/ohds/individual/processing.cljs
WARNING: Use of undeclared Var ohds.individual.processing/extId at line 35 /Users/jdowns/ohds/src/cljs/ohds/individual/processing.cljs
WARNING: Use of undeclared Var ohds.individual.processing/gender at line 35 /Users/jdowns/ohds/src/cljs/ohds/individual/processing.cljs
WARNING: Wrong number of args (0) passed to ohds.core/render-fn at line 11 env/dev/cljs/ohds/main.cljs
notifying browser that file changed:  out/ohds/individual/processing.js
[32mSuccessfully compiled "resources/public/js/app.js" in 0.262 seconds.[0m
[0mCompiling "resources/public/js/app.js" from ["src/cljs" "env/dev/cljs"]...
WARNING: Use of undeclared Var ohds.individual.processing/b at line 18 /Users/jdowns/ohds/src/cljs/ohds/individual/processing.cljs
WARNING: Use of undeclared Var ohds.individual.processing/fieldworker-id at line 34 /Users/jdowns/ohds/src/cljs/ohds/individual/processing.cljs
WARNING: Use of undeclared Var ohds.individual.processing/fieldworker-id at line 35 /Users/jdowns/ohds/src/cljs/ohds/individual/processing.cljs
WARNING: Use of undeclared Var ohds.individual.processing/loc at line 35 /Users/jdowns/ohds/src/cljs/ohds/individual/processing.cljs
WARNING: Use of undeclared Var ohds.individual.processing/first-name at line 35 /Users/jdowns/ohds/src/cljs/ohds/individual/processing.cljs
WARNING: Use of undeclared Var ohds.individual.processing/extId at line 35 /Users/jdowns/ohds/src/cljs/ohds/individual/processing.cljs
WARNING: Use of undeclared Var ohds.individual.processing/gender at line 35 /Users/jdowns/ohds/src/cljs/ohds/individual/processing.cljs
WARNING: Wrong number of args (0) passed to ohds.core/render-fn at line 11 env/dev/cljs/ohds/main.cljs
notifying browser that file changed:  out/ohds/individual/processing.js
[32mSuccessfully compiled "resources/public/js/app.js" in 0.239 seconds.[0m
[0mCompiling "resources/public/js/app.js" from ["src/cljs" "env/dev/cljs"]...
WARNING: Use of undeclared Var ohds.individual.processing/b at line 18 /Users/jdowns/ohds/src/cljs/ohds/individual/processing.cljs
WARNING: Use of undeclared Var ohds.individual.processing/fieldworker-id at line 34 /Users/jdowns/ohds/src/cljs/ohds/individual/processing.cljs
WARNING: Use of undeclared Var ohds.individual.processing/fieldworker-id at line 35 /Users/jdowns/ohds/src/cljs/ohds/individual/processing.cljs
WARNING: Use of undeclared Var ohds.individual.processing/loc at line 35 /Users/jdowns/ohds/src/cljs/ohds/individual/processing.cljs
WARNING: Use of undeclared Var ohds.individual.processing/first-name at line 35 /Users/jdowns/ohds/src/cljs/ohds/individual/processing.cljs
WARNING: Use of undeclared Var ohds.individual.processing/extId at line 35 /Users/jdowns/ohds/src/cljs/ohds/individual/processing.cljs
WARNING: Use of undeclared Var ohds.individual.processing/gender at line 35 /Users/jdowns/ohds/src/cljs/ohds/individual/processing.cljs
WARNING: Wrong number of args (0) passed to ohds.core/render-fn at line 11 env/dev/cljs/ohds/main.cljs
notifying browser that file changed:  out/ohds/individual/processing.js
[32mSuccessfully compiled "resources/public/js/app.js" in 0.243 seconds.[0m
[0mCompiling "resources/public/js/app.js" from ["src/cljs" "env/dev/cljs"]...
WARNING: Use of undeclared Var ohds.individual.processing/b at line 18 /Users/jdowns/ohds/src/cljs/ohds/individual/processing.cljs
WARNING: Use of undeclared Var ohds.individual.processing/fieldworker-id at line 34 /Users/jdowns/ohds/src/cljs/ohds/individual/processing.cljs
WARNING: Use of undeclared Var ohds.individual.processing/fieldworker-id at line 35 /Users/jdowns/ohds/src/cljs/ohds/individual/processing.cljs
WARNING: Use of undeclared Var ohds.individual.processing/loc at line 35 /Users/jdowns/ohds/src/cljs/ohds/individual/processing.cljs
WARNING: Use of undeclared Var ohds.individual.processing/first-name at line 35 /Users/jdowns/ohds/src/cljs/ohds/individual/processing.cljs
WARNING: Use of undeclared Var ohds.individual.processing/extId at line 35 /Users/jdowns/ohds/src/cljs/ohds/individual/processing.cljs
WARNING: Use of undeclared Var ohds.individual.processing/gender at line 35 /Users/jdowns/ohds/src/cljs/ohds/individual/processing.cljs
WARNING: Wrong number of args (0) passed to ohds.core/render-fn at line 11 env/dev/cljs/ohds/main.cljs
notifying browser that file changed:  out/ohds/individual/processing.js
[32mSuccessfully compiled "resources/public/js/app.js" in 0.245 seconds.[0m
[0mCompiling "resources/public/js/app.js" from ["src/cljs" "env/dev/cljs"]...
WARNING: Use of undeclared Var ohds.individual.processing/b at line 18 /Users/jdowns/ohds/src/cljs/ohds/individual/processing.cljs
WARNING: Use of undeclared Var ohds.individual.processing/location at line 28 /Users/jdowns/ohds/src/cljs/ohds/individual/processing.cljs
WARNING: Use of undeclared Var ohds.individual.processing/individual at line 29 /Users/jdowns/ohds/src/cljs/ohds/individual/processing.cljs
WARNING: Use of undeclared Var ohds.individual.processing/individual at line 30 /Users/jdowns/ohds/src/cljs/ohds/individual/processing.cljs
WARNING: Use of undeclared Var ohds.individual.processing/individual at line 31 /Users/jdowns/ohds/src/cljs/ohds/individual/processing.cljs
WARNING: Use of undeclared Var ohds.individual.processing/fieldworker-id at line 32 /Users/jdowns/ohds/src/cljs/ohds/individual/processing.cljs
WARNING: Use of undeclared Var ohds.individual.processing/fieldworker-id at line 33 /Users/jdowns/ohds/src/cljs/ohds/individual/processing.cljs
WARNING: Use of undeclared Var ohds.individual.processing/loc at line 33 /Users/jdowns/ohds/src/cljs/ohds/individual/processing.cljs
WARNING: Use of undeclared Var ohds.individual.processing/first-name at line 33 /Users/jdowns/ohds/src/cljs/ohds/individual/processing.cljs
WARNING: Use of undeclared Var ohds.individual.processing/extId at line 33 /Users/jdowns/ohds/src/cljs/ohds/individual/processing.cljs
WARNING: Use of undeclared Var ohds.individual.processing/gender at line 33 /Users/jdowns/ohds/src/cljs/ohds/individual/processing.cljs
WARNING: Wrong number of args (0) passed to ohds.core/render-fn at line 11 env/dev/cljs/ohds/main.cljs
notifying browser that file changed:  out/ohds/individual/processing.js
[32mSuccessfully compiled "resources/public/js/app.js" in 0.222 seconds.[0m
[0mCompiling "resources/public/js/app.js" from ["src/cljs" "env/dev/cljs"]...
WARNING: Use of undeclared Var ohds.individual.processing/b at line 18 /Users/jdowns/ohds/src/cljs/ohds/individual/processing.cljs
WARNING: Use of undeclared Var ohds.individual.processing/fieldworker-id at line 33 /Users/jdowns/ohds/src/cljs/ohds/individual/processing.cljs
WARNING: Use of undeclared Var ohds.individual.processing/fieldworker-id at line 34 /Users/jdowns/ohds/src/cljs/ohds/individual/processing.cljs
WARNING: Use of undeclared Var ohds.individual.processing/loc at line 34 /Users/jdowns/ohds/src/cljs/ohds/individual/processing.cljs
WARNING: Use of undeclared Var ohds.individual.processing/first-name at line 34 /Users/jdowns/ohds/src/cljs/ohds/individual/processing.cljs
WARNING: Use of undeclared Var ohds.individual.processing/extId at line 34 /Users/jdowns/ohds/src/cljs/ohds/individual/processing.cljs
WARNING: Use of undeclared Var ohds.individual.processing/gender at line 34 /Users/jdowns/ohds/src/cljs/ohds/individual/processing.cljs
WARNING: Wrong number of args (0) passed to ohds.core/render-fn at line 11 env/dev/cljs/ohds/main.cljs
notifying browser that file changed:  out/ohds/individual/processing.js
[32mSuccessfully compiled "resources/public/js/app.js" in 0.23 seconds.[0m
[0mCompiling "resources/public/js/app.js" from ["src/cljs" "env/dev/cljs"]...
WARNING: Use of undeclared Var ohds.individual.processing/b at line 18 /Users/jdowns/ohds/src/cljs/ohds/individual/processing.cljs
WARNING: Wrong number of args (0) passed to ohds.core/render-fn at line 11 env/dev/cljs/ohds/main.cljs
notifying browser that file changed:  out/ohds/individual/processing.js
[32mSuccessfully compiled "resources/public/js/app.js" in 0.255 seconds.[0m
[0mCompiling "resources/public/js/app.js" from ["src/cljs" "env/dev/cljs"]...
WARNING: Use of undeclared Var ohds.individual.processing/b at line 18 /Users/jdowns/ohds/src/cljs/ohds/individual/processing.cljs
WARNING: Wrong number of args (0) passed to ohds.core/render-fn at line 11 env/dev/cljs/ohds/main.cljs
notifying browser that file changed:  out/ohds/individual/processing.js
[32mSuccessfully compiled "resources/public/js/app.js" in 0.263 seconds.[0m
[0mCompiling "resources/public/js/app.js" from ["src/cljs" "env/dev/cljs"]...
WARNING: Use of undeclared Var ohds.individual.processing/b at line 18 /Users/jdowns/ohds/src/cljs/ohds/individual/processing.cljs
WARNING: Wrong number of args (0) passed to ohds.core/render-fn at line 11 env/dev/cljs/ohds/main.cljs
notifying browser that file changed:  out/ohds/individual/backend.js
[32mSuccessfully compiled "resources/public/js/app.js" in 0.253 seconds.[0m
[0mCompiling "resources/public/js/app.js" from ["src/cljs" "env/dev/cljs"]...
WARNING: Use of undeclared Var ohds.individual.processing/b at line 18 /Users/jdowns/ohds/src/cljs/ohds/individual/processing.cljs
WARNING: Wrong number of args (0) passed to ohds.core/render-fn at line 11 env/dev/cljs/ohds/main.cljs
notifying browser that file changed:  out/ohds/individual/processing.js
[32mSuccessfully compiled "resources/public/js/app.js" in 0.22 seconds.[0m
[0mCompiling "resources/public/js/app.js" from ["src/cljs" "env/dev/cljs"]...
WARNING: Use of undeclared Var ohds.individual.processing/b at line 18 /Users/jdowns/ohds/src/cljs/ohds/individual/processing.cljs
WARNING: Wrong number of args (0) passed to ohds.core/render-fn at line 11 env/dev/cljs/ohds/main.cljs
notifying browser that file changed:  out/ohds/individual/backend.js
[32mSuccessfully compiled "resources/public/js/app.js" in 0.282 seconds.[0m
[0mCompiling "resources/public/js/app.js" from ["src/cljs" "env/dev/cljs"]...
WARNING: Use of undeclared Var ohds.individual.processing/b at line 18 /Users/jdowns/ohds/src/cljs/ohds/individual/processing.cljs
WARNING: Wrong number of args (0) passed to ohds.core/render-fn at line 11 env/dev/cljs/ohds/main.cljs
notifying browser that file changed:  out/ohds/individual/backend.js
[32mSuccessfully compiled "resources/public/js/app.js" in 0.247 seconds.[0m
[0mCompiling "resources/public/js/app.js" from ["src/cljs" "env/dev/cljs"]...
WARNING: Use of undeclared Var ohds.individual.processing/b at line 18 /Users/jdowns/ohds/src/cljs/ohds/individual/processing.cljs
WARNING: Wrong number of args (0) passed to ohds.core/render-fn at line 11 env/dev/cljs/ohds/main.cljs
notifying browser that file changed:  out/ohds/individual/backend.js
[32mSuccessfully compiled "resources/public/js/app.js" in 0.25 seconds.[0m
[0mCompiling "resources/public/js/app.js" from ["src/cljs" "env/dev/cljs"]...
WARNING: Use of undeclared Var ohds.individual.processing/b at line 18 /Users/jdowns/ohds/src/cljs/ohds/individual/processing.cljs
WARNING: Use of undeclared Var ohds.individual.processing/loc at line 31 /Users/jdowns/ohds/src/cljs/ohds/individual/processing.cljs
WARNING: Wrong number of args (0) passed to ohds.core/render-fn at line 11 env/dev/cljs/ohds/main.cljs
notifying browser that file changed:  out/ohds/individual/processing.js
[32mSuccessfully compiled "resources/public/js/app.js" in 0.265 seconds.[0m
[0mCompiling "resources/public/js/app.js" from ["src/cljs" "env/dev/cljs"]...
WARNING: Use of undeclared Var ohds.individual.processing/b at line 18 /Users/jdowns/ohds/src/cljs/ohds/individual/processing.cljs
WARNING: Wrong number of args (0) passed to ohds.core/render-fn at line 11 env/dev/cljs/ohds/main.cljs
notifying browser that file changed:  out/ohds/individual/processing.js
[32mSuccessfully compiled "resources/public/js/app.js" in 0.23 seconds.[0m
[0mCompiling "resources/public/js/app.js" from ["src/cljs" "env/dev/cljs"]...
WARNING: Use of undeclared Var ohds.individual.processing/b at line 18 /Users/jdowns/ohds/src/cljs/ohds/individual/processing.cljs
WARNING: Wrong number of args (0) passed to ohds.core/render-fn at line 11 env/dev/cljs/ohds/main.cljs
notifying browser that file changed:  out/ohds/individual/backend.js
[32mSuccessfully compiled "resources/public/js/app.js" in 0.254 seconds.[0m
[0mCompiling "resources/public/js/app.js" from ["src/cljs" "env/dev/cljs"]...
WARNING: Use of undeclared Var ohds.individual.processing/b at line 18 /Users/jdowns/ohds/src/cljs/ohds/individual/processing.cljs
WARNING: Wrong number of args (0) passed to ohds.core/render-fn at line 11 env/dev/cljs/ohds/main.cljs
notifying browser that file changed:  resources/public/js/app.js
notifying browser that file changed:  resources/public/js/out/goog/deps.js
notifying browser that file changed:  out/ohds/individual/backend.js
[32mSuccessfully compiled "resources/public/js/app.js" in 1.447 seconds.[0m
[0mCompiling "resources/public/js/app.js" from ["src/cljs" "env/dev/cljs"]...
WARNING: Use of undeclared Var ohds.individual.processing/b at line 18 /Users/jdowns/ohds/src/cljs/ohds/individual/processing.cljs
WARNING: Wrong number of args (0) passed to ohds.core/render-fn at line 11 env/dev/cljs/ohds/main.cljs
notifying browser that file changed:  resources/public/js/app.js
notifying browser that file changed:  resources/public/js/out/goog/deps.js
notifying browser that file changed:  out/ohds/individual/backend.js
[32mSuccessfully compiled "resources/public/js/app.js" in 1.409 seconds.[0m
[0mCompiling "resources/public/js/app.js" from ["src/cljs" "env/dev/cljs"]...
WARNING: Wrong number of args (0) passed to ohds.core/render-fn at line 11 env/dev/cljs/ohds/main.cljs
notifying browser that file changed:  resources/public/js/app.js
notifying browser that file changed:  resources/public/js/out/goog/deps.js
notifying browser that file changed:  out/ohds/individual/view.js
[32mSuccessfully compiled "resources/public/js/app.js" in 0.302 seconds.[0m
